CRITICAL - 2023-12-11 12:36:12 --> syntax error, unexpected token "public"
#0 C:\xampp\htdocs\Tareaapi\system\Router\Router.php(175): CodeIgniter\Router\Router->autoRoute('home/ejemplo1')
#1 C:\xampp\htdocs\Tareaapi\system\CodeIgniter.php(719): CodeIgniter\Router\Router->handle('home/ejemplo1')
#2 C:\xampp\htdocs\Tareaapi\system\CodeIgniter.php(361): CodeIgniter\CodeIgniter->tryToRouteIt(Object(CodeIgniter\Router\RouteCollection))
#3 C:\xampp\htdocs\Tareaapi\system\CodeIgniter.php(320): CodeIgniter\CodeIgniter->handleRequest(NULL, Object(Config\Cache), false)
#4 C:\xampp\htdocs\Tareaapi\index.php(39): CodeIgniter\CodeIgniter->run()
#5 {main}
CRITICAL - 2023-12-11 12:39:03 --> syntax error, unexpected token "return", expecting "function" or "const"
#0 C:\xampp\htdocs\Tareaapi\system\Router\Router.php(175): CodeIgniter\Router\Router->autoRoute('home/ejemplo1')
#1 C:\xampp\htdocs\Tareaapi\system\CodeIgniter.php(719): CodeIgniter\Router\Router->handle('home/ejemplo1')
#2 C:\xampp\htdocs\Tareaapi\system\CodeIgniter.php(361): CodeIgniter\CodeIgniter->tryToRouteIt(Object(CodeIgniter\Router\RouteCollection))
#3 C:\xampp\htdocs\Tareaapi\system\CodeIgniter.php(320): CodeIgniter\CodeIgniter->handleRequest(NULL, Object(Config\Cache), false)
#4 C:\xampp\htdocs\Tareaapi\index.php(39): CodeIgniter\CodeIgniter->run()
#5 {main}
CRITICAL - 2023-12-11 12:39:35 --> syntax error, unexpected token "return", expecting "function" or "const"
#0 C:\xampp\htdocs\Tareaapi\system\Router\Router.php(175): CodeIgniter\Router\Router->autoRoute('home/ejemplo1')
#1 C:\xampp\htdocs\Tareaapi\system\CodeIgniter.php(719): CodeIgniter\Router\Router->handle('home/ejemplo1')
#2 C:\xampp\htdocs\Tareaapi\system\CodeIgniter.php(361): CodeIgniter\CodeIgniter->tryToRouteIt(Object(CodeIgniter\Router\RouteCollection))
#3 C:\xampp\htdocs\Tareaapi\system\CodeIgniter.php(320): CodeIgniter\CodeIgniter->handleRequest(NULL, Object(Config\Cache), false)
#4 C:\xampp\htdocs\Tareaapi\index.php(39): CodeIgniter\CodeIgniter->run()
#5 {main}
CRITICAL - 2023-12-11 12:39:39 --> syntax error, unexpected token "return", expecting "function" or "const"
#0 C:\xampp\htdocs\Tareaapi\system\Router\Router.php(175): CodeIgniter\Router\Router->autoRoute('home/ejemplo1')
#1 C:\xampp\htdocs\Tareaapi\system\CodeIgniter.php(719): CodeIgniter\Router\Router->handle('home/ejemplo1')
#2 C:\xampp\htdocs\Tareaapi\system\CodeIgniter.php(361): CodeIgniter\CodeIgniter->tryToRouteIt(Object(CodeIgniter\Router\RouteCollection))
#3 C:\xampp\htdocs\Tareaapi\system\CodeIgniter.php(320): CodeIgniter\CodeIgniter->handleRequest(NULL, Object(Config\Cache), false)
#4 C:\xampp\htdocs\Tareaapi\index.php(39): CodeIgniter\CodeIgniter->run()
#5 {main}
CRITICAL - 2023-12-11 19:54:14 --> syntax error, unexpected token "{", expecting "function" or "const"
#0 C:\xampp\htdocs\Tareaapi\system\Router\Router.php(175): CodeIgniter\Router\Router->autoRoute('home/ejemplo2')
#1 C:\xampp\htdocs\Tareaapi\system\CodeIgniter.php(719): CodeIgniter\Router\Router->handle('home/ejemplo2')
#2 C:\xampp\htdocs\Tareaapi\system\CodeIgniter.php(361): CodeIgniter\CodeIgniter->tryToRouteIt(Object(CodeIgniter\Router\RouteCollection))
#3 C:\xampp\htdocs\Tareaapi\system\CodeIgniter.php(320): CodeIgniter\CodeIgniter->handleRequest(NULL, Object(Config\Cache), false)
#4 C:\xampp\htdocs\Tareaapi\index.php(39): CodeIgniter\CodeIgniter->run()
#5 {main}
CRITICAL - 2023-12-11 19:54:41 --> syntax error, unexpected token "public"
#0 C:\xampp\htdocs\Tareaapi\system\Router\Router.php(175): CodeIgniter\Router\Router->autoRoute('home/ejemplo2')
#1 C:\xampp\htdocs\Tareaapi\system\CodeIgniter.php(719): CodeIgniter\Router\Router->handle('home/ejemplo2')
#2 C:\xampp\htdocs\Tareaapi\system\CodeIgniter.php(361): CodeIgniter\CodeIgniter->tryToRouteIt(Object(CodeIgniter\Router\RouteCollection))
#3 C:\xampp\htdocs\Tareaapi\system\CodeIgniter.php(320): CodeIgniter\CodeIgniter->handleRequest(NULL, Object(Config\Cache), false)
#4 C:\xampp\htdocs\Tareaapi\index.php(39): CodeIgniter\CodeIgniter->run()
#5 {main}
CRITICAL - 2023-12-11 19:55:11 --> Unclosed '{' on line 13
#0 C:\xampp\htdocs\Tareaapi\system\Router\Router.php(175): CodeIgniter\Router\Router->autoRoute('home/ejemplo2')
#1 C:\xampp\htdocs\Tareaapi\system\CodeIgniter.php(719): CodeIgniter\Router\Router->handle('home/ejemplo2')
#2 C:\xampp\htdocs\Tareaapi\system\CodeIgniter.php(361): CodeIgniter\CodeIgniter->tryToRouteIt(Object(CodeIgniter\Router\RouteCollection))
#3 C:\xampp\htdocs\Tareaapi\system\CodeIgniter.php(320): CodeIgniter\CodeIgniter->handleRequest(NULL, Object(Config\Cache), false)
#4 C:\xampp\htdocs\Tareaapi\index.php(39): CodeIgniter\CodeIgniter->run()
#5 {main}
CRITICAL - 2023-12-11 19:55:13 --> Unclosed '{' on line 13
#0 C:\xampp\htdocs\Tareaapi\system\Router\Router.php(175): CodeIgniter\Router\Router->autoRoute('home/ejemplo2')
#1 C:\xampp\htdocs\Tareaapi\system\CodeIgniter.php(719): CodeIgniter\Router\Router->handle('home/ejemplo2')
#2 C:\xampp\htdocs\Tareaapi\system\CodeIgniter.php(361): CodeIgniter\CodeIgniter->tryToRouteIt(Object(CodeIgniter\Router\RouteCollection))
#3 C:\xampp\htdocs\Tareaapi\system\CodeIgniter.php(320): CodeIgniter\CodeIgniter->handleRequest(NULL, Object(Config\Cache), false)
#4 C:\xampp\htdocs\Tareaapi\index.php(39): CodeIgniter\CodeIgniter->run()
#5 {main}
CRITICAL - 2023-12-11 19:56:30 --> syntax error, unexpected token "class", expecting "function" or "const"
#0 C:\xampp\htdocs\Tareaapi\system\Router\Router.php(175): CodeIgniter\Router\Router->autoRoute('home/ejemplo2')
#1 C:\xampp\htdocs\Tareaapi\system\CodeIgniter.php(719): CodeIgniter\Router\Router->handle('home/ejemplo2')
#2 C:\xampp\htdocs\Tareaapi\system\CodeIgniter.php(361): CodeIgniter\CodeIgniter->tryToRouteIt(Object(CodeIgniter\Router\RouteCollection))
#3 C:\xampp\htdocs\Tareaapi\system\CodeIgniter.php(320): CodeIgniter\CodeIgniter->handleRequest(NULL, Object(Config\Cache), false)
#4 C:\xampp\htdocs\Tareaapi\index.php(39): CodeIgniter\CodeIgniter->run()
#5 {main}
CRITICAL - 2023-12-11 19:57:36 --> Cannot redeclare App\Controllers\Home::index()
#0 [internal function]: CodeIgniter\Debug\Exceptions->shutdownHandler()
#1 {main}
